<?xml version="1.0" encoding="UTF-8"?>
<!-- Generated by org.testng.reporters.JUnitReportReporter -->
<testsuite skipped="0" hostname="Charanjits-MacBook-Pro.local" name="newpackage.Onboarding" tests="20" failures="0" timestamp="12 Jan 2018 23:32:05 GMT" time="29.631" errors="0">
  <testcase name="Setup" time="3.739" classname="newpackage.Onboarding"/>
  <testcase name="fname" time="1.122" classname="newpackage.Onboarding"/>
  <testcase name="lname" time="1.075" classname="newpackage.Onboarding"/>
  <testcase name="Dob" time="1.081" classname="newpackage.Onboarding"/>
  <testcase name="nextbutton" time="2.889" classname="newpackage.Onboarding"/>
  <testcase name="inputsid" time="1.060" classname="newpackage.Onboarding"/>
  <testcase name="clicknext" time="2.903" classname="newpackage.Onboarding"/>
  <testcase name="profilename" time="1.069" classname="newpackage.Onboarding"/>
  <testcase name="email" time="1.101" classname="newpackage.Onboarding"/>
  <testcase name="password" time="1.075" classname="newpackage.Onboarding"/>
  <testcase name="confirmpassword" time="1.071" classname="newpackage.Onboarding"/>
  <testcase name="addressl1" time="1.086" classname="newpackage.Onboarding"/>
  <testcase name="addressl2" time="1.062" classname="newpackage.Onboarding"/>
  <testcase name="state" time="1.138" classname="newpackage.Onboarding"/>
  <testcase name="city" time="1.070" classname="newpackage.Onboarding"/>
  <testcase name="zipcode" time="1.064" classname="newpackage.Onboarding"/>
  <testcase name="phone" time="1.086" classname="newpackage.Onboarding"/>
  <testcase name="Nextbutton" time="2.823" classname="newpackage.Onboarding"/>
  <testcase name="Geneticsconsent" time="1.059" classname="newpackage.Onboarding"/>
  <testcase name="Policyconsent" time="1.058" classname="newpackage.Onboarding"/>
</testsuite> <!-- newpackage.Onboarding -->
