<?xml version="1.0" encoding="UTF-8"?>
<!-- Generated by org.testng.reporters.JUnitReportReporter -->
<testsuite skipped="11" hostname="Charanjits-MacBook-Pro.local" name="newpackage.StateofFlorida" tests="13" failures="0" timestamp="04 Jan 2018 21:00:05 GMT" time="5.390" errors="0">
  <testcase name="Test" time="4.321" classname="newpackage.StateofFlorida"/>
  <testcase name="About_us" time="1.069" classname="newpackage.StateofFlorida"/>
  <testcase name="Linkedlinlink" classname="newpackage.StateofFlorida">
    <skipped/>
  </testcase> <!-- Linkedlinlink -->
  <testcase name="Smart_Tech" classname="newpackage.StateofFlorida">
    <skipped/>
  </testcase> <!-- Smart_Tech -->
  <testcase name="Test1" classname="newpackage.StateofFlorida">
    <skipped/>
  </testcase> <!-- Test1 -->
  <testcase name="chatter" classname="newpackage.StateofFlorida">
    <skipped/>
  </testcase> <!-- chatter -->
  <testcase name="How_It_Works" classname="newpackage.StateofFlorida">
    <skipped/>
  </testcase> <!-- How_It_Works -->
  <testcase name="Contact_Us" classname="newpackage.StateofFlorida">
    <skipped/>
  </testcase> <!-- Contact_Us -->
  <testcase name="Instagramlink" classname="newpackage.StateofFlorida">
    <skipped/>
  </testcase> <!-- Instagramlink -->
  <testcase name="youtubelink" classname="newpackage.StateofFlorida">
    <skipped/>
  </testcase> <!-- youtubelink -->
  <testcase name="facebooklink" classname="newpackage.StateofFlorida">
    <skipped/>
  </testcase> <!-- facebooklink -->
  <testcase name="StateofFloridalink" classname="newpackage.StateofFlorida">
    <skipped/>
  </testcase> <!-- StateofFloridalink -->
  <testcase name="Joinnow" classname="newpackage.StateofFlorida">
    <skipped/>
  </testcase> <!-- Joinnow -->
</testsuite> <!-- newpackage.StateofFlorida -->
