<?xml version="1.0" encoding="UTF-8"?>
<!-- Generated by org.testng.reporters.JUnitReportReporter -->
<testsuite skipped="0" hostname="Charanjits-MacBook-Pro.local" name="appium_test.NewTest" tests="1" failures="0" timestamp="31 Mar 2018 03:54:41 GMT" time="0.007" errors="0">
  <testcase name="f" time="0.007" classname="appium_test.NewTest"/>
</testsuite> <!-- appium_test.NewTest -->
