<?xml version="1.0" encoding="UTF-8"?>
<!-- Generated by org.testng.reporters.JUnitReportReporter -->
<testsuite skipped="0" hostname="Charanjits-MBP" name="appium_test.login_android" tests="2" failures="0" timestamp="01 Apr 2018 18:42:00 GMT" time="218.821" errors="0">
  <testcase name="loginapp" time="149.592" classname="appium_test.login_android"/>
  <testcase name="login" time="69.229" classname="appium_test.login_android"/>
</testsuite> <!-- appium_test.login_android -->
