<?xml version="1.0" encoding="UTF-8"?>
<!-- Generated by org.testng.reporters.JUnitReportReporter -->
<testsuite skipped="0" hostname="Charanjits-MacBook-Pro.local" name="newpackage.NewTest" tests="1" failures="0" timestamp="29 Dec 2017 06:44:50 GMT" time="2.446" errors="0">
  <testcase name="Test" time="2.446" classname="newpackage.NewTest"/>
</testsuite> <!-- newpackage.NewTest -->
